<?xml version="1.0" encoding="UTF-8"?>
<!-- Generated by org.testng.reporters.JUnitXMLReporter -->
<testsuite hostname="DESKTOP-RO5AP5V" ignored="0" name="Test on chrome" tests="4" failures="3" timestamp="07 Sep 2020 04:59:50 GMT" time="190.005" errors="0">
  <testcase name="loginTest" time="30.698" classname="tests.Logingurusite">
    <failure type="java.lang.AssertionError" message="expected [true] but found [false]">
      <![CDATA[java.lang.AssertionError: expected [true] but found [false]
	at tests.Logingurusite.loginTest(Logingurusite.java:42)
... Removed 29 stack frames]]>
    </failure>
  </testcase> <!-- loginTest -->
  <testcase name="loginTest" time="116.562" classname="tests.Logingurusite"/>
  <testcase name="loginTest" time="7.088" classname="tests.Logingurusite">
    <failure type="java.lang.AssertionError" message="expected [true] but found [false]">
      <![CDATA[java.lang.AssertionError: expected [true] but found [false]
	at tests.Logingurusite.loginTest(Logingurusite.java:42)
... Removed 29 stack frames]]>
    </failure>
  </testcase> <!-- loginTest -->
  <testcase name="loginTest" time="8.903" classname="tests.Logingurusite">
    <failure type="java.lang.AssertionError" message="expected [true] but found [false]">
      <![CDATA[java.lang.AssertionError: expected [true] but found [false]
	at tests.Logingurusite.loginTest(Logingurusite.java:42)
... Removed 29 stack frames]]>
    </failure>
  </testcase> <!-- loginTest -->
</testsuite> <!-- Test on chrome -->
